{"E:\\SE\\LEGALPLACE\\legal-test\\src\\App.tsx": {"path":"E:\\SE\\LEGALPLACE\\legal-test\\src\\App.tsx","statementMap":{"0":{"start":{"line":18,"column":34},"end":{"line":25,"column":1}},"1":{"start":{"line":27,"column":22},"end":{"line":36,"column":3}},"2":{"start":{"line":28,"column":2},"end":{"line":36,"column":3}},"3":{"start":{"line":29,"column":4},"end":{"line":35,"column":5}},"4":{"start":{"line":31,"column":8},"end":{"line":33,"column":10}},"5":{"start":{"line":38,"column":12},"end":{"line":82,"column":1}},"6":{"start":{"line":39,"column":34},"end":{"line":39,"column":49}},"7":{"start":{"line":41,"column":2},"end":{"line":47,"column":17}},"8":{"start":{"line":42,"column":4},"end":{"line":46,"column":5}},"9":{"start":{"line":43,"column":6},"end":{"line":45,"column":9}},"10":{"start":{"line":44,"column":8},"end":{"line":44,"column":26}},"11":{"start":{"line":49,"column":22},"end":{"line":49,"column":45}},"12":{"start":{"line":49,"column":28},"end":{"line":49,"column":45}},"13":{"start":{"line":51,"column":2},"end":{"line":81,"column":4}}},"fnMap":{"0":{"name":"(anonymous_0)","decl":{"start":{"line":27,"column":22},"end":{"line":27,"column":23}},"loc":{"start":{"line":28,"column":2},"end":{"line":36,"column":3}},"line":28},"1":{"name":"(anonymous_1)","decl":{"start":{"line":28,"column":14},"end":{"line":28,"column":15}},"loc":{"start":{"line":29,"column":4},"end":{"line":35,"column":5}},"line":29},"2":{"name":"(anonymous_2)","decl":{"start":{"line":30,"column":6},"end":{"line":30,"column":7}},"loc":{"start":{"line":31,"column":8},"end":{"line":33,"column":10}},"line":31},"3":{"name":"(anonymous_3)","decl":{"start":{"line":38,"column":12},"end":{"line":38,"column":13}},"loc":{"start":{"line":38,"column":18},"end":{"line":82,"column":1}},"line":38},"4":{"name":"(anonymous_4)","decl":{"start":{"line":41,"column":12},"end":{"line":41,"column":13}},"loc":{"start":{"line":41,"column":18},"end":{"line":47,"column":3}},"line":41},"5":{"name":"(anonymous_5)","decl":{"start":{"line":43,"column":27},"end":{"line":43,"column":28}},"loc":{"start":{"line":43,"column":37},"end":{"line":45,"column":7}},"line":43},"6":{"name":"(anonymous_6)","decl":{"start":{"line":49,"column":22},"end":{"line":49,"column":23}},"loc":{"start":{"line":49,"column":28},"end":{"line":49,"column":45}},"line":49}},"branchMap":{"0":{"loc":{"start":{"line":42,"column":4},"end":{"line":46,"column":5}},"type":"if","locations":[{"start":{"line":42,"column":4},"end":{"line":46,"column":5}},{"start":{},"end":{}}],"line":42},"1":{"loc":{"start":{"line":59,"column":11},"end":{"line":72,"column":11}},"type":"cond-expr","locations":[{"start":{"line":60,"column":12},"end":{"line":60,"column":56}},{"start":{"line":62,"column":12},"end":{"line":71,"column":18}}],"line":59}},"s":{"0":1,"1":1,"2":1,"3":1,"4":0,"5":1,"6":3,"7":3,"8":3,"9":1,"10":0,"11":3,"12":1,"13":3},"f":{"0":1,"1":1,"2":0,"3":3,"4":3,"5":0,"6":1},"b":{"0":[1,2],"1":[2,1]},"_coverageSchema":"1a1c01bbd47fc00a2c39e90264f33305004495a9","hash":"91b2092ad4caa8d88f83d288be8db643be2e6f2e"}
,"E:\\SE\\LEGALPLACE\\legal-test\\src\\main.tsx": {"path":"E:\\SE\\LEGALPLACE\\legal-test\\src\\main.tsx","statementMap":{"0":{"start":{"line":6,"column":0},"end":{"line":10,"column":1}}},"fnMap":{},"branchMap":{},"s":{"0":0},"f":{},"b":{}}
,"E:\\SE\\LEGALPLACE\\legal-test\\src\\vite-env.d.ts": {"path":"E:\\SE\\LEGALPLACE\\legal-test\\src\\vite-env.d.ts","statementMap":{},"fnMap":{},"branchMap":{},"s":{},"f":{},"b":{}}
,"E:\\SE\\LEGALPLACE\\legal-test\\src\\components\\ui\\button.tsx": {"path":"E:\\SE\\LEGALPLACE\\legal-test\\src\\components\\ui\\button.tsx","statementMap":{"0":{"start":{"line":7,"column":23},"end":{"line":35,"column":1}},"1":{"start":{"line":47,"column":15},"end":{"line":47,"column":40}},"2":{"start":{"line":49,"column":2},"end":{"line":55,"column":3}}},"fnMap":{"0":{"name":"Button","decl":{"start":{"line":37,"column":9},"end":{"line":37,"column":15}},"loc":{"start":{"line":46,"column":5},"end":{"line":56,"column":1}},"line":46}},"branchMap":{"0":{"loc":{"start":{"line":41,"column":2},"end":{"line":41,"column":17}},"type":"default-arg","locations":[{"start":{"line":41,"column":12},"end":{"line":41,"column":17}}],"line":41},"1":{"loc":{"start":{"line":47,"column":15},"end":{"line":47,"column":40}},"type":"cond-expr","locations":[{"start":{"line":47,"column":25},"end":{"line":47,"column":29}},{"start":{"line":47,"column":32},"end":{"line":47,"column":40}}],"line":47}},"s":{"0":1,"1":3,"2":3},"f":{"0":3},"b":{"0":[3],"1":[0,3]},"_coverageSchema":"1a1c01bbd47fc00a2c39e90264f33305004495a9","hash":"425784998b2a55904d2461ffb34f0c4d3da90b8a"}
,"E:\\SE\\LEGALPLACE\\legal-test\\src\\components\\ui\\card.tsx": {"path":"E:\\SE\\LEGALPLACE\\legal-test\\src\\components\\ui\\card.tsx","statementMap":{"0":{"start":{"line":6,"column":2},"end":{"line":15,"column":3}},"1":{"start":{"line":19,"column":2},"end":{"line":25,"column":3}},"2":{"start":{"line":29,"column":2},"end":{"line":35,"column":3}},"3":{"start":{"line":39,"column":2},"end":{"line":45,"column":3}},"4":{"start":{"line":49,"column":2},"end":{"line":55,"column":3}},"5":{"start":{"line":59,"column":2},"end":{"line":65,"column":3}}},"fnMap":{"0":{"name":"Card","decl":{"start":{"line":5,"column":9},"end":{"line":5,"column":13}},"loc":{"start":{"line":5,"column":68},"end":{"line":16,"column":1}},"line":5},"1":{"name":"CardHeader","decl":{"start":{"line":18,"column":9},"end":{"line":18,"column":19}},"loc":{"start":{"line":18,"column":74},"end":{"line":26,"column":1}},"line":18},"2":{"name":"CardTitle","decl":{"start":{"line":28,"column":9},"end":{"line":28,"column":18}},"loc":{"start":{"line":28,"column":73},"end":{"line":36,"column":1}},"line":28},"3":{"name":"CardDescription","decl":{"start":{"line":38,"column":9},"end":{"line":38,"column":24}},"loc":{"start":{"line":38,"column":79},"end":{"line":46,"column":1}},"line":38},"4":{"name":"CardContent","decl":{"start":{"line":48,"column":9},"end":{"line":48,"column":20}},"loc":{"start":{"line":48,"column":75},"end":{"line":56,"column":1}},"line":48},"5":{"name":"CardFooter","decl":{"start":{"line":58,"column":9},"end":{"line":58,"column":19}},"loc":{"start":{"line":58,"column":74},"end":{"line":66,"column":1}},"line":58}},"branchMap":{},"s":{"0":1,"1":1,"2":0,"3":0,"4":1,"5":1},"f":{"0":1,"1":1,"2":0,"3":0,"4":1,"5":1},"b":{},"_coverageSchema":"1a1c01bbd47fc00a2c39e90264f33305004495a9","hash":"4921b95ae33ad62abf4550d7aa46328432e5f14c"}
,"E:\\SE\\LEGALPLACE\\legal-test\\src\\components\\ui\\form.tsx": {"path":"E:\\SE\\LEGALPLACE\\legal-test\\src\\components\\ui\\form.tsx","statementMap":{"0":{"start":{"line":17,"column":13},"end":{"line":17,"column":25}},"1":{"start":{"line":26,"column":25},"end":{"line":28,"column":1}},"2":{"start":{"line":30,"column":18},"end":{"line":41,"column":1}},"3":{"start":{"line":36,"column":2},"end":{"line":40,"column":3}},"4":{"start":{"line":43,"column":21},"end":{"line":64,"column":1}},"5":{"start":{"line":44,"column":23},"end":{"line":44,"column":57}},"6":{"start":{"line":45,"column":22},"end":{"line":45,"column":55}},"7":{"start":{"line":46,"column":28},"end":{"line":46,"column":44}},"8":{"start":{"line":47,"column":20},"end":{"line":47,"column":61}},"9":{"start":{"line":48,"column":21},"end":{"line":48,"column":64}},"10":{"start":{"line":50,"column":2},"end":{"line":52,"column":3}},"11":{"start":{"line":51,"column":4},"end":{"line":51,"column":69}},"12":{"start":{"line":54,"column":17},"end":{"line":54,"column":28}},"13":{"start":{"line":56,"column":2},"end":{"line":63,"column":3}},"14":{"start":{"line":70,"column":24},"end":{"line":72,"column":1}},"15":{"start":{"line":75,"column":13},"end":{"line":75,"column":26}},"16":{"start":{"line":77,"column":2},"end":{"line":85,"column":3}},"17":{"start":{"line":92,"column":32},"end":{"line":92,"column":46}},"18":{"start":{"line":94,"column":2},"end":{"line":102,"column":3}},"19":{"start":{"line":106,"column":66},"end":{"line":106,"column":80}},"20":{"start":{"line":108,"column":2},"end":{"line":120,"column":3}},"21":{"start":{"line":124,"column":32},"end":{"line":124,"column":46}},"22":{"start":{"line":126,"column":2},"end":{"line":133,"column":3}},"23":{"start":{"line":137,"column":35},"end":{"line":137,"column":49}},"24":{"start":{"line":138,"column":15},"end":{"line":138,"column":68}},"25":{"start":{"line":140,"column":2},"end":{"line":142,"column":3}},"26":{"start":{"line":141,"column":4},"end":{"line":141,"column":15}},"27":{"start":{"line":144,"column":2},"end":{"line":153,"column":3}}},"fnMap":{"0":{"name":"(anonymous_0)","decl":{"start":{"line":30,"column":18},"end":{"line":30,"column":19}},"loc":{"start":{"line":35,"column":44},"end":{"line":41,"column":1}},"line":35},"1":{"name":"(anonymous_1)","decl":{"start":{"line":43,"column":21},"end":{"line":43,"column":22}},"loc":{"start":{"line":43,"column":27},"end":{"line":64,"column":1}},"line":43},"2":{"name":"FormItem","decl":{"start":{"line":74,"column":9},"end":{"line":74,"column":17}},"loc":{"start":{"line":74,"column":72},"end":{"line":86,"column":1}},"line":74},"3":{"name":"FormLabel","decl":{"start":{"line":88,"column":9},"end":{"line":88,"column":18}},"loc":{"start":{"line":91,"column":53},"end":{"line":103,"column":1}},"line":91},"4":{"name":"FormControl","decl":{"start":{"line":105,"column":9},"end":{"line":105,"column":20}},"loc":{"start":{"line":105,"column":70},"end":{"line":121,"column":1}},"line":105},"5":{"name":"FormDescription","decl":{"start":{"line":123,"column":9},"end":{"line":123,"column":24}},"loc":{"start":{"line":123,"column":77},"end":{"line":134,"column":1}},"line":123},"6":{"name":"FormMessage","decl":{"start":{"line":136,"column":9},"end":{"line":136,"column":20}},"loc":{"start":{"line":136,"column":73},"end":{"line":154,"column":1}},"line":136}},"branchMap":{"0":{"loc":{"start":{"line":50,"column":2},"end":{"line":52,"column":3}},"type":"if","locations":[{"start":{"line":50,"column":2},"end":{"line":52,"column":3}},{"start":{},"end":{}}],"line":50},"1":{"loc":{"start":{"line":113,"column":8},"end":{"line":115,"column":51}},"type":"cond-expr","locations":[{"start":{"line":114,"column":12},"end":{"line":114,"column":34}},{"start":{"line":115,"column":12},"end":{"line":115,"column":51}}],"line":113},"2":{"loc":{"start":{"line":138,"column":15},"end":{"line":138,"column":68}},"type":"cond-expr","locations":[{"start":{"line":138,"column":23},"end":{"line":138,"column":51}},{"start":{"line":138,"column":54},"end":{"line":138,"column":68}}],"line":138},"3":{"loc":{"start":{"line":138,"column":30},"end":{"line":138,"column":50}},"type":"binary-expr","locations":[{"start":{"line":138,"column":30},"end":{"line":138,"column":44}},{"start":{"line":138,"column":48},"end":{"line":138,"column":50}}],"line":138},"4":{"loc":{"start":{"line":140,"column":2},"end":{"line":142,"column":3}},"type":"if","locations":[{"start":{"line":140,"column":2},"end":{"line":142,"column":3}},{"start":{},"end":{}}],"line":140}},"s":{"0":0,"1":0,"2":0,"3":0,"4":0,"5":0,"6":0,"7":0,"8":0,"9":0,"10":0,"11":0,"12":0,"13":0,"14":0,"15":0,"16":0,"17":0,"18":0,"19":0,"20":0,"21":0,"22":0,"23":0,"24":0,"25":0,"26":0,"27":0},"f":{"0":0,"1":0,"2":0,"3":0,"4":0,"5":0,"6":0},"b":{"0":[0,0],"1":[0,0],"2":[0,0],"3":[0,0],"4":[0,0]}}
,"E:\\SE\\LEGALPLACE\\legal-test\\src\\components\\ui\\input.tsx": {"path":"E:\\SE\\LEGALPLACE\\legal-test\\src\\components\\ui\\input.tsx","statementMap":{"0":{"start":{"line":6,"column":2},"end":{"line":18,"column":3}}},"fnMap":{"0":{"name":"Input","decl":{"start":{"line":5,"column":9},"end":{"line":5,"column":14}},"loc":{"start":{"line":5,"column":77},"end":{"line":19,"column":1}},"line":5}},"branchMap":{},"s":{"0":0},"f":{"0":0},"b":{}}
,"E:\\SE\\LEGALPLACE\\legal-test\\src\\components\\ui\\label.tsx": {"path":"E:\\SE\\LEGALPLACE\\legal-test\\src\\components\\ui\\label.tsx","statementMap":{"0":{"start":{"line":12,"column":2},"end":{"line":21,"column":3}}},"fnMap":{"0":{"name":"Label","decl":{"start":{"line":8,"column":9},"end":{"line":8,"column":14}},"loc":{"start":{"line":11,"column":53},"end":{"line":22,"column":1}},"line":11}},"branchMap":{},"s":{"0":0},"f":{"0":0},"b":{}}
,"E:\\SE\\LEGALPLACE\\legal-test\\src\\components\\ui\\select.tsx": {"path":"E:\\SE\\LEGALPLACE\\legal-test\\src\\components\\ui\\select.tsx","statementMap":{"0":{"start":{"line":10,"column":2},"end":{"line":10,"column":63}},"1":{"start":{"line":16,"column":2},"end":{"line":16,"column":70}},"2":{"start":{"line":22,"column":2},"end":{"line":22,"column":70}},"3":{"start":{"line":30,"column":2},"end":{"line":44,"column":3}},"4":{"start":{"line":53,"column":2},"end":{"line":79,"column":3}},"5":{"start":{"line":86,"column":2},"end":{"line":92,"column":3}},"6":{"start":{"line":100,"column":2},"end":{"line":116,"column":3}},"7":{"start":{"line":123,"column":2},"end":{"line":129,"column":3}},"8":{"start":{"line":136,"column":2},"end":{"line":147,"column":3}},"9":{"start":{"line":154,"column":2},"end":{"line":165,"column":3}}},"fnMap":{"0":{"name":"Select","decl":{"start":{"line":7,"column":9},"end":{"line":7,"column":15}},"loc":{"start":{"line":9,"column":54},"end":{"line":11,"column":1}},"line":9},"1":{"name":"SelectGroup","decl":{"start":{"line":13,"column":9},"end":{"line":13,"column":20}},"loc":{"start":{"line":15,"column":55},"end":{"line":17,"column":1}},"line":15},"2":{"name":"SelectValue","decl":{"start":{"line":19,"column":9},"end":{"line":19,"column":20}},"loc":{"start":{"line":21,"column":55},"end":{"line":23,"column":1}},"line":21},"3":{"name":"SelectTrigger","decl":{"start":{"line":25,"column":9},"end":{"line":25,"column":22}},"loc":{"start":{"line":29,"column":57},"end":{"line":45,"column":1}},"line":29},"4":{"name":"SelectContent","decl":{"start":{"line":47,"column":9},"end":{"line":47,"column":22}},"loc":{"start":{"line":52,"column":57},"end":{"line":80,"column":1}},"line":52},"5":{"name":"SelectLabel","decl":{"start":{"line":82,"column":9},"end":{"line":82,"column":20}},"loc":{"start":{"line":85,"column":55},"end":{"line":93,"column":1}},"line":85},"6":{"name":"SelectItem","decl":{"start":{"line":95,"column":9},"end":{"line":95,"column":19}},"loc":{"start":{"line":99,"column":54},"end":{"line":117,"column":1}},"line":99},"7":{"name":"SelectSeparator","decl":{"start":{"line":119,"column":9},"end":{"line":119,"column":24}},"loc":{"start":{"line":122,"column":59},"end":{"line":130,"column":1}},"line":122},"8":{"name":"SelectScrollUpButton","decl":{"start":{"line":132,"column":9},"end":{"line":132,"column":29}},"loc":{"start":{"line":135,"column":64},"end":{"line":148,"column":1}},"line":135},"9":{"name":"SelectScrollDownButton","decl":{"start":{"line":150,"column":9},"end":{"line":150,"column":31}},"loc":{"start":{"line":153,"column":66},"end":{"line":166,"column":1}},"line":153}},"branchMap":{"0":{"loc":{"start":{"line":50,"column":2},"end":{"line":50,"column":21}},"type":"default-arg","locations":[{"start":{"line":50,"column":13},"end":{"line":50,"column":21}}],"line":50},"1":{"loc":{"start":{"line":59,"column":10},"end":{"line":60,"column":141}},"type":"binary-expr","locations":[{"start":{"line":59,"column":10},"end":{"line":59,"column":31}},{"start":{"line":60,"column":12},"end":{"line":60,"column":141}}],"line":59},"2":{"loc":{"start":{"line":70,"column":12},"end":{"line":71,"column":115}},"type":"binary-expr","locations":[{"start":{"line":70,"column":12},"end":{"line":70,"column":33}},{"start":{"line":71,"column":14},"end":{"line":71,"column":115}}],"line":70}},"s":{"0":0,"1":0,"2":0,"3":0,"4":0,"5":0,"6":0,"7":0,"8":0,"9":0},"f":{"0":0,"1":0,"2":0,"3":0,"4":0,"5":0,"6":0,"7":0,"8":0,"9":0},"b":{"0":[0],"1":[0,0],"2":[0,0]}}
,"E:\\SE\\LEGALPLACE\\legal-test\\src\\lib\\utils.ts": {"path":"E:\\SE\\LEGALPLACE\\legal-test\\src\\lib\\utils.ts","statementMap":{"0":{"start":{"line":5,"column":2},"end":{"line":5,"column":30}}},"fnMap":{"0":{"name":"cn","decl":{"start":{"line":4,"column":16},"end":{"line":4,"column":18}},"loc":{"start":{"line":4,"column":44},"end":{"line":6,"column":1}},"line":4}},"branchMap":{},"s":{"0":7},"f":{"0":7},"b":{},"_coverageSchema":"1a1c01bbd47fc00a2c39e90264f33305004495a9","hash":"70476eaad79dee7bc2019d4a2eaf7731bcf889dd"}
}
