TN:
SF:src\App.tsx
FN:27,(anonymous_0)
FN:28,(anonymous_1)
FN:30,(anonymous_2)
FN:38,(anonymous_3)
FN:41,(anonymous_4)
FN:43,(anonymous_5)
FN:49,(anonymous_6)
FNF:7
FNH:5
FNDA:1,(anonymous_0)
FNDA:1,(anonymous_1)
FNDA:0,(anonymous_2)
FNDA:3,(anonymous_3)
FNDA:3,(anonymous_4)
FNDA:0,(anonymous_5)
FNDA:1,(anonymous_6)
DA:18,1
DA:27,1
DA:28,1
DA:29,1
DA:31,0
DA:38,1
DA:39,3
DA:41,3
DA:42,3
DA:43,1
DA:44,0
DA:49,3
DA:51,3
LF:13
LH:11
BRDA:42,0,0,1
BRDA:42,0,1,2
BRDA:59,1,0,2
BRDA:59,1,1,1
BRF:4
BRH:4
end_of_record
TN:
SF:src\main.tsx
FNF:0
FNH:0
DA:6,0
LF:1
LH:0
BRF:0
BRH:0
end_of_record
TN:
SF:src\vite-env.d.ts
FNF:0
FNH:0
LF:0
LH:0
BRF:0
BRH:0
end_of_record
TN:
SF:src\components\ui\button.tsx
FN:37,Button
FNF:1
FNH:1
FNDA:3,Button
DA:7,1
DA:47,3
DA:49,3
LF:3
LH:3
BRDA:41,0,0,3
BRDA:47,1,0,0
BRDA:47,1,1,3
BRF:3
BRH:2
end_of_record
TN:
SF:src\components\ui\card.tsx
FN:5,Card
FN:18,CardHeader
FN:28,CardTitle
FN:38,CardDescription
FN:48,CardContent
FN:58,CardFooter
FNF:6
FNH:4
FNDA:1,Card
FNDA:1,CardHeader
FNDA:0,CardTitle
FNDA:0,CardDescription
FNDA:1,CardContent
FNDA:1,CardFooter
DA:6,1
DA:19,1
DA:29,0
DA:39,0
DA:49,1
DA:59,1
LF:6
LH:4
BRF:0
BRH:0
end_of_record
TN:
SF:src\components\ui\form.tsx
FN:30,(anonymous_0)
FN:43,(anonymous_1)
FN:74,FormItem
FN:88,FormLabel
FN:105,FormControl
FN:123,FormDescription
FN:136,FormMessage
FNF:7
FNH:0
FNDA:0,(anonymous_0)
FNDA:0,(anonymous_1)
FNDA:0,FormItem
FNDA:0,FormLabel
FNDA:0,FormControl
FNDA:0,FormDescription
FNDA:0,FormMessage
DA:17,0
DA:26,0
DA:30,0
DA:36,0
DA:43,0
DA:44,0
DA:45,0
DA:46,0
DA:47,0
DA:48,0
DA:50,0
DA:51,0
DA:54,0
DA:56,0
DA:70,0
DA:75,0
DA:77,0
DA:92,0
DA:94,0
DA:106,0
DA:108,0
DA:124,0
DA:126,0
DA:137,0
DA:138,0
DA:140,0
DA:141,0
DA:144,0
LF:28
LH:0
BRDA:50,0,0,0
BRDA:50,0,1,0
BRDA:113,1,0,0
BRDA:113,1,1,0
BRDA:138,2,0,0
BRDA:138,2,1,0
BRDA:138,3,0,0
BRDA:138,3,1,0
BRDA:140,4,0,0
BRDA:140,4,1,0
BRF:10
BRH:0
end_of_record
TN:
SF:src\components\ui\input.tsx
FN:5,Input
FNF:1
FNH:0
FNDA:0,Input
DA:6,0
LF:1
LH:0
BRF:0
BRH:0
end_of_record
TN:
SF:src\components\ui\label.tsx
FN:8,Label
FNF:1
FNH:0
FNDA:0,Label
DA:12,0
LF:1
LH:0
BRF:0
BRH:0
end_of_record
TN:
SF:src\components\ui\select.tsx
FN:7,Select
FN:13,SelectGroup
FN:19,SelectValue
FN:25,SelectTrigger
FN:47,SelectContent
FN:82,SelectLabel
FN:95,SelectItem
FN:119,SelectSeparator
FN:132,SelectScrollUpButton
FN:150,SelectScrollDownButton
FNF:10
FNH:0
FNDA:0,Select
FNDA:0,SelectGroup
FNDA:0,SelectValue
FNDA:0,SelectTrigger
FNDA:0,SelectContent
FNDA:0,SelectLabel
FNDA:0,SelectItem
FNDA:0,SelectSeparator
FNDA:0,SelectScrollUpButton
FNDA:0,SelectScrollDownButton
DA:10,0
DA:16,0
DA:22,0
DA:30,0
DA:53,0
DA:86,0
DA:100,0
DA:123,0
DA:136,0
DA:154,0
LF:10
LH:0
BRDA:50,0,0,0
BRDA:59,1,0,0
BRDA:59,1,1,0
BRDA:70,2,0,0
BRDA:70,2,1,0
BRF:5
BRH:0
end_of_record
TN:
SF:src\lib\utils.ts
FN:4,cn
FNF:1
FNH:1
FNDA:7,cn
DA:5,7
LF:1
LH:1
BRF:0
BRH:0
end_of_record
